[debug] [2022-08-26T00:25:49.176Z] ----------------------------------------------------------------------
[debug] [2022-08-26T00:25:49.179Z] Command:       E:\Descargas\firebase-tools-instant-win.exe C:\Users\CARLOS\.cache\firebase\tools\lib\node_modules\firebase-tools\lib\bin\firebase init
[debug] [2022-08-26T00:25:49.180Z] CLI Version:   11.8.0
[debug] [2022-08-26T00:25:49.180Z] Platform:      win32
[debug] [2022-08-26T00:25:49.180Z] Node Version:  v16.16.0
[debug] [2022-08-26T00:25:49.181Z] Time:          Thu Aug 25 2022 21:25:49 GMT-0300 (GMT-03:00)
[debug] [2022-08-26T00:25:49.181Z] ----------------------------------------------------------------------
[debug] 
[debug] [2022-08-26T00:25:49.191Z] > command requires scopes: ["email","openid","https://www.googleapis.com/auth/cloudplatformprojects.readonly","https://www.googleapis.com/auth/firebase","https://www.googleapis.com/auth/cloud-platform"]
[debug] [2022-08-26T00:25:49.191Z] > authorizing via signed-in user (carlos.dante.quinteros@gmail.com)
[info] 
     ######## #### ########  ######## ########     ###     ######  ########
     ##        ##  ##     ## ##       ##     ##  ##   ##  ##       ##
     ######    ##  ########  ######   ########  #########  ######  ######
     ##        ##  ##    ##  ##       ##     ## ##     ##       ## ##
     ##       #### ##     ## ######## ########  ##     ##  ######  ########

You're about to initialize a Firebase project in this directory:

  E:\ARGENTINA PROGRAMA\portafolio-arg-programa\front-portafolio

[info] 
=== Project Setup
[info] 
[info] First, let's associate this project directory with a Firebase project.
[info] You can create multiple project aliases by running firebase use --add, 
[info] but for now we'll just set up a default project.
[info] 
[debug] [2022-08-26T00:26:22.912Z] >>> [apiv2][query] GET https://firebase.googleapis.com/v1beta1/projects pageSize=100
[debug] [2022-08-26T00:26:24.560Z] <<< [apiv2][status] GET https://firebase.googleapis.com/v1beta1/projects 200
[debug] [2022-08-26T00:26:24.560Z] <<< [apiv2][body] GET https://firebase.googleapis.com/v1beta1/projects [omitted]
[info] i  Using project portafolio-carlos-quinteros (portafolio-carlos-quinteros) 
[info] 
=== Hosting Setup
[info] 
[info] Your public directory is the folder (relative to your project directory) that
[info] will contain Hosting assets to be uploaded with firebase deploy. If you
[info] have a build process for your assets, use your build's output directory.
[info] 
[debug] [2022-08-26T00:28:08.000Z] >>> [apiv2][query] GET https://www.gstatic.com/firebasejs/releases.json [none]
[debug] [2022-08-26T00:28:08.400Z] <<< [apiv2][status] GET https://www.gstatic.com/firebasejs/releases.json 200
[debug] [2022-08-26T00:28:08.401Z] <<< [apiv2][body] GET https://www.gstatic.com/firebasejs/releases.json {"current":{"version":"9.9.3","browserURL":"https://www.gstatic.com/firebasejs/9.9.3/firebase.js","packageURL":"https://www.gstatic.com/firebasejs/9.9.3/firebase.tgz"},"live":{"version":"9.9","browserURL":"https://www.gstatic.com/firebasejs/live/9.9/firebase.js","packageURL":"https://www.gstatic.com/firebasejs/live/9.9/firebase.tgz"},"components":{"analytics":"https://www.gstatic.com/firebasejs/9.9.3/firebase-analytics.js","app":"https://www.gstatic.com/firebasejs/9.9.3/firebase-app.js","app-check":"https://www.gstatic.com/firebasejs/9.9.3/firebase-app-check.js","auth":"https://www.gstatic.com/firebasejs/9.9.3/firebase-auth.js","auth/cordova":"https://www.gstatic.com/firebasejs/9.9.3/firebase-auth/cordova.js","auth/react-native":"https://www.gstatic.com/firebasejs/9.9.3/firebase-auth/react-native.js","functions":"https://www.gstatic.com/firebasejs/9.9.3/firebase-functions.js","firestore":"https://www.gstatic.com/firebasejs/9.9.3/firebase-firestore.js","firestore/lite":"https://www.gstatic.com/firebasejs/9.9.3/firebase-firestore/lite.js","installations":"https://www.gstatic.com/firebasejs/9.9.3/firebase-installations.js","storage":"https://www.gstatic.com/firebasejs/9.9.3/firebase-storage.js","performance":"https://www.gstatic.com/firebasejs/9.9.3/firebase-performance.js","remote-config":"https://www.gstatic.com/firebasejs/9.9.3/firebase-remote-config.js","messaging":"https://www.gstatic.com/firebasejs/9.9.3/firebase-messaging.js","messaging/sw":"https://www.gstatic.com/firebasejs/9.9.3/firebase-messaging/sw.js","database":"https://www.gstatic.com/firebasejs/9.9.3/firebase-database.js","firestore.memory":"https://www.gstatic.com/firebasejs/9.9.3/firebase-firestore.memory.js"}}
[info] i  Skipping write of dist/front-portafolio/index.html 
[info] 
[info] i  Detected a .git folder at E:\ARGENTINA PROGRAMA\portafolio-arg-programa 
[info] i  Authorizing with GitHub to upload your service account to a GitHub repository's secrets store. 
[info] 
[info] Visit this URL on this device to log in:
[info] https://github.com/login/oauth/authorize?client_id=89cf50f02ac6aaed3484&state=191686123&redirect_uri=http%3A%2F%2Flocalhost%3A9005&scope=read%3Auser%20repo%20public_repo
[info] 
[info] Waiting for authentication...
[debug] [2022-08-26T00:28:31.480Z] >>> [apiv2][query] POST https://github.com/login/oauth/access_token [none]
[debug] [2022-08-26T00:28:31.481Z] >>> [apiv2][body] POST https://github.com/login/oauth/access_token [stream]
[debug] [2022-08-26T00:28:32.037Z] <<< [apiv2][status] POST https://github.com/login/oauth/access_token 200
[debug] [2022-08-26T00:28:32.037Z] <<< [apiv2][body] POST https://github.com/login/oauth/access_token {"access_token":"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","token_type":"bearer","scope":"read:user,repo"}
[debug] [2022-08-26T00:28:32.056Z] >>> [apiv2][query] GET https://api.github.com/user [none]
[debug] [2022-08-26T00:28:32.687Z] <<< [apiv2][status] GET https://api.github.com/user 200
[debug] [2022-08-26T00:28:32.687Z] <<< [apiv2][body] GET https://api.github.com/user {"login":"CarlosQuinteros","id":31288453,"node_id":"MDQ6VXNlcjMxMjg4NDUz","avatar_url":"https://avatars.githubusercontent.com/u/31288453?v=4","gravatar_id":"","url":"https://api.github.com/users/CarlosQuinteros","html_url":"https://github.com/CarlosQuinteros","followers_url":"https://api.github.com/users/CarlosQuinteros/followers","following_url":"https://api.github.com/users/CarlosQuinteros/following{/other_user}","gists_url":"https://api.github.com/users/CarlosQuinteros/gists{/gist_id}","starred_url":"https://api.github.com/users/CarlosQuinteros/starred{/owner}{/repo}","subscriptions_url":"https://api.github.com/users/CarlosQuinteros/subscriptions","organizations_url":"https://api.github.com/users/CarlosQuinteros/orgs","repos_url":"https://api.github.com/users/CarlosQuinteros/repos","events_url":"https://api.github.com/users/CarlosQuinteros/events{/privacy}","received_events_url":"https://api.github.com/users/CarlosQuinteros/received_events","type":"User","site_admin":false,"name":"Carlos Dante","company":null,"blog":"","location":null,"email":null,"hireable":null,"bio":null,"twitter_username":null,"public_repos":10,"public_gists":0,"followers":0,"following":0,"created_at":"2017-08-23T17:55:23Z","updated_at":"2022-08-25T23:54:48Z","private_gists":0,"total_private_repos":0,"owned_private_repos":0,"disk_usage":234260,"collaborators":0,"two_factor_authentication":false,"plan":{"name":"free","space":976562499,"collaborators":0,"private_repos":10000}}
[info] 
[info] +  Success! Logged into GitHub as CarlosQuinteros 
[info] 
